{"/Users/marcossilva/Documents/dev/react-projects/personal/firebase/crud-react/src/App.js": {"path":"/Users/marcossilva/Documents/dev/react-projects/personal/firebase/crud-react/src/App.js","statementMap":{"0":{"start":{"line":5,"column":4},"end":{"line":9,"column":5}}},"fnMap":{"0":{"name":"App","decl":{"start":{"line":4,"column":24},"end":{"line":4,"column":27}},"loc":{"start":{"line":4,"column":29},"end":{"line":10,"column":3}},"line":4}},"branchMap":{},"s":{"0":0},"f":{"0":0},"b":{}}
,"/Users/marcossilva/Documents/dev/react-projects/personal/firebase/crud-react/src/firebaseConnection.js": {"path":"/Users/marcossilva/Documents/dev/react-projects/personal/firebase/crud-react/src/firebaseConnection.js","statementMap":{"0":{"start":{"line":5,"column":23},"end":{"line":13,"column":3}},"1":{"start":{"line":15,"column":22},"end":{"line":15,"column":51}},"2":{"start":{"line":16,"column":13},"end":{"line":16,"column":38}},"3":{"start":{"line":17,"column":15},"end":{"line":17,"column":35}}},"fnMap":{},"branchMap":{},"s":{"0":0,"1":0,"2":0,"3":0},"f":{},"b":{}}
,"/Users/marcossilva/Documents/dev/react-projects/personal/firebase/crud-react/src/index.js": {"path":"/Users/marcossilva/Documents/dev/react-projects/personal/firebase/crud-react/src/index.js","statementMap":{"0":{"start":{"line":7,"column":13},"end":{"line":7,"column":65}},"1":{"start":{"line":8,"column":0},"end":{"line":12,"column":2}}},"fnMap":{},"branchMap":{},"s":{"0":0,"1":0},"f":{},"b":{}}
,"/Users/marcossilva/Documents/dev/react-projects/personal/firebase/crud-react/src/pages/Admin/index.js": {"path":"/Users/marcossilva/Documents/dev/react-projects/personal/firebase/crud-react/src/pages/Admin/index.js","statementMap":{"0":{"start":{"line":18,"column":38},"end":{"line":18,"column":50}},"1":{"start":{"line":19,"column":40},"end":{"line":19,"column":52}},"2":{"start":{"line":20,"column":30},"end":{"line":20,"column":42}},"3":{"start":{"line":21,"column":36},"end":{"line":21,"column":48}},"4":{"start":{"line":23,"column":4},"end":{"line":51,"column":11}},"5":{"start":{"line":25,"column":31},"end":{"line":25,"column":66}},"6":{"start":{"line":26,"column":12},"end":{"line":26,"column":50}},"7":{"start":{"line":29,"column":12},"end":{"line":47,"column":13}},"8":{"start":{"line":30,"column":29},"end":{"line":30,"column":51}},"9":{"start":{"line":32,"column":32},"end":{"line":32,"column":55}},"10":{"start":{"line":33,"column":26},"end":{"line":33,"column":106}},"11":{"start":{"line":35,"column":30},"end":{"line":46,"column":18}},"12":{"start":{"line":36,"column":31},"end":{"line":36,"column":33}},"13":{"start":{"line":38,"column":20},"end":{"line":44,"column":23}},"14":{"start":{"line":39,"column":24},"end":{"line":43,"column":27}},"15":{"start":{"line":45,"column":20},"end":{"line":45,"column":35}},"16":{"start":{"line":50,"column":8},"end":{"line":50,"column":20}},"17":{"start":{"line":55,"column":8},"end":{"line":55,"column":27}},"18":{"start":{"line":58,"column":8},"end":{"line":61,"column":9}},"19":{"start":{"line":59,"column":12},"end":{"line":59,"column":60}},"20":{"start":{"line":60,"column":12},"end":{"line":60,"column":19}},"21":{"start":{"line":64,"column":8},"end":{"line":67,"column":9}},"22":{"start":{"line":65,"column":12},"end":{"line":65,"column":31}},"23":{"start":{"line":66,"column":12},"end":{"line":66,"column":19}},"24":{"start":{"line":70,"column":8},"end":{"line":81,"column":10}},"25":{"start":{"line":76,"column":12},"end":{"line":76,"column":52}},"26":{"start":{"line":77,"column":12},"end":{"line":77,"column":29}},"27":{"start":{"line":80,"column":12},"end":{"line":80,"column":69}},"28":{"start":{"line":86,"column":8},"end":{"line":86,"column":22}},"29":{"start":{"line":91,"column":23},"end":{"line":91,"column":43}},"30":{"start":{"line":92,"column":8},"end":{"line":92,"column":32}},"31":{"start":{"line":97,"column":8},"end":{"line":97,"column":26}},"32":{"start":{"line":98,"column":8},"end":{"line":98,"column":32}},"33":{"start":{"line":103,"column":23},"end":{"line":103,"column":53}},"34":{"start":{"line":104,"column":8},"end":{"line":116,"column":10}},"35":{"start":{"line":108,"column":12},"end":{"line":108,"column":54}},"36":{"start":{"line":109,"column":12},"end":{"line":109,"column":29}},"37":{"start":{"line":110,"column":12},"end":{"line":110,"column":28}},"38":{"start":{"line":113,"column":12},"end":{"line":113,"column":84}},"39":{"start":{"line":114,"column":12},"end":{"line":114,"column":29}},"40":{"start":{"line":115,"column":12},"end":{"line":115,"column":28}},"41":{"start":{"line":119,"column":4},"end":{"line":164,"column":6}},"42":{"start":{"line":128,"column":37},"end":{"line":128,"column":65}},"43":{"start":{"line":139,"column":20},"end":{"line":155,"column":26}},"44":{"start":{"line":145,"column":49},"end":{"line":145,"column":70}},"45":{"start":{"line":150,"column":49},"end":{"line":150,"column":66}}},"fnMap":{"0":{"name":"Admin","decl":{"start":{"line":17,"column":24},"end":{"line":17,"column":29}},"loc":{"start":{"line":17,"column":31},"end":{"line":165,"column":1}},"line":17},"1":{"name":"(anonymous_1)","decl":{"start":{"line":23,"column":14},"end":{"line":23,"column":15}},"loc":{"start":{"line":23,"column":18},"end":{"line":51,"column":5}},"line":23},"2":{"name":"loadTasks","decl":{"start":{"line":24,"column":23},"end":{"line":24,"column":32}},"loc":{"start":{"line":24,"column":34},"end":{"line":48,"column":9}},"line":24},"3":{"name":"(anonymous_3)","decl":{"start":{"line":35,"column":44},"end":{"line":35,"column":45}},"loc":{"start":{"line":35,"column":58},"end":{"line":46,"column":17}},"line":35},"4":{"name":"(anonymous_4)","decl":{"start":{"line":38,"column":37},"end":{"line":38,"column":38}},"loc":{"start":{"line":38,"column":57},"end":{"line":44,"column":21}},"line":38},"5":{"name":"handleTask","decl":{"start":{"line":54,"column":19},"end":{"line":54,"column":29}},"loc":{"start":{"line":54,"column":32},"end":{"line":82,"column":5}},"line":54},"6":{"name":"(anonymous_6)","decl":{"start":{"line":75,"column":14},"end":{"line":75,"column":15}},"loc":{"start":{"line":75,"column":18},"end":{"line":78,"column":9}},"line":75},"7":{"name":"(anonymous_7)","decl":{"start":{"line":79,"column":15},"end":{"line":79,"column":16}},"loc":{"start":{"line":79,"column":22},"end":{"line":81,"column":9}},"line":79},"8":{"name":"handleSignOut","decl":{"start":{"line":85,"column":13},"end":{"line":85,"column":26}},"loc":{"start":{"line":85,"column":28},"end":{"line":87,"column":5}},"line":85},"9":{"name":"taskDone","decl":{"start":{"line":90,"column":19},"end":{"line":90,"column":27}},"loc":{"start":{"line":90,"column":31},"end":{"line":93,"column":5}},"line":90},"10":{"name":"editTaskClicked","decl":{"start":{"line":96,"column":13},"end":{"line":96,"column":28}},"loc":{"start":{"line":96,"column":34},"end":{"line":99,"column":5}},"line":96},"11":{"name":"handleUpdateTask","decl":{"start":{"line":102,"column":19},"end":{"line":102,"column":35}},"loc":{"start":{"line":102,"column":37},"end":{"line":117,"column":5}},"line":102},"12":{"name":"(anonymous_12)","decl":{"start":{"line":107,"column":15},"end":{"line":107,"column":16}},"loc":{"start":{"line":107,"column":19},"end":{"line":111,"column":9}},"line":107},"13":{"name":"(anonymous_13)","decl":{"start":{"line":112,"column":15},"end":{"line":112,"column":16}},"loc":{"start":{"line":112,"column":22},"end":{"line":116,"column":9}},"line":112},"14":{"name":"(anonymous_14)","decl":{"start":{"line":128,"column":31},"end":{"line":128,"column":32}},"loc":{"start":{"line":128,"column":37},"end":{"line":128,"column":65}},"line":128},"15":{"name":"(anonymous_15)","decl":{"start":{"line":138,"column":27},"end":{"line":138,"column":28}},"loc":{"start":{"line":139,"column":20},"end":{"line":155,"column":26}},"line":139},"16":{"name":"(anonymous_16)","decl":{"start":{"line":145,"column":43},"end":{"line":145,"column":44}},"loc":{"start":{"line":145,"column":49},"end":{"line":145,"column":70}},"line":145},"17":{"name":"(anonymous_17)","decl":{"start":{"line":150,"column":43},"end":{"line":150,"column":44}},"loc":{"start":{"line":150,"column":49},"end":{"line":150,"column":66}},"line":150}},"branchMap":{"0":{"loc":{"start":{"line":29,"column":12},"end":{"line":47,"column":13}},"type":"if","locations":[{"start":{"line":29,"column":12},"end":{"line":47,"column":13}},{"start":{},"end":{}}],"line":29},"1":{"loc":{"start":{"line":58,"column":8},"end":{"line":61,"column":9}},"type":"if","locations":[{"start":{"line":58,"column":8},"end":{"line":61,"column":9}},{"start":{},"end":{}}],"line":58},"2":{"loc":{"start":{"line":64,"column":8},"end":{"line":67,"column":9}},"type":"if","locations":[{"start":{"line":64,"column":8},"end":{"line":67,"column":9}},{"start":{},"end":{}}],"line":64},"3":{"loc":{"start":{"line":130,"column":17},"end":{"line":132,"column":53}},"type":"cond-expr","locations":[{"start":{"line":131,"column":20},"end":{"line":131,"column":90}},{"start":{"line":132,"column":20},"end":{"line":132,"column":51}}],"line":130}},"s":{"0":0,"1":0,"2":0,"3":0,"4":0,"5":0,"6":0,"7":0,"8":0,"9":0,"10":0,"11":0,"12":0,"13":0,"14":0,"15":0,"16":0,"17":0,"18":0,"19":0,"20":0,"21":0,"22":0,"23":0,"24":0,"25":0,"26":0,"27":0,"28":0,"29":0,"30":0,"31":0,"32":0,"33":0,"34":0,"35":0,"36":0,"37":0,"38":0,"39":0,"40":0,"41":0,"42":0,"43":0,"44":0,"45":0},"f":{"0":0,"1":0,"2":0,"3":0,"4":0,"5":0,"6":0,"7":0,"8":0,"9":0,"10":0,"11":0,"12":0,"13":0,"14":0,"15":0,"16":0,"17":0},"b":{"0":[0,0],"1":[0,0],"2":[0,0],"3":[0,0]}}
,"/Users/marcossilva/Documents/dev/react-projects/personal/firebase/crud-react/src/pages/Home/index.js": {"path":"/Users/marcossilva/Documents/dev/react-projects/personal/firebase/crud-react/src/pages/Home/index.js","statementMap":{"0":{"start":{"line":10,"column":28},"end":{"line":10,"column":40}},"1":{"start":{"line":11,"column":34},"end":{"line":11,"column":46}},"2":{"start":{"line":13,"column":19},"end":{"line":13,"column":32}},"3":{"start":{"line":16,"column":4},"end":{"line":16,"column":23}},"4":{"start":{"line":18,"column":4},"end":{"line":29,"column":5}},"5":{"start":{"line":19,"column":6},"end":{"line":25,"column":8}},"6":{"start":{"line":21,"column":8},"end":{"line":21,"column":43}},"7":{"start":{"line":24,"column":8},"end":{"line":24,"column":62}},"8":{"start":{"line":28,"column":6},"end":{"line":28,"column":106}},"9":{"start":{"line":30,"column":4},"end":{"line":30,"column":10}},"10":{"start":{"line":34,"column":4},"end":{"line":58,"column":5}},"11":{"start":{"line":44,"column":29},"end":{"line":44,"column":53}},"12":{"start":{"line":51,"column":29},"end":{"line":51,"column":56}}},"fnMap":{"0":{"name":"Home","decl":{"start":{"line":8,"column":24},"end":{"line":8,"column":28}},"loc":{"start":{"line":8,"column":30},"end":{"line":59,"column":3}},"line":8},"1":{"name":"handleLogin","decl":{"start":{"line":15,"column":17},"end":{"line":15,"column":28}},"loc":{"start":{"line":15,"column":31},"end":{"line":31,"column":3}},"line":15},"2":{"name":"(anonymous_2)","decl":{"start":{"line":20,"column":12},"end":{"line":20,"column":13}},"loc":{"start":{"line":20,"column":16},"end":{"line":22,"column":7}},"line":20},"3":{"name":"(anonymous_3)","decl":{"start":{"line":23,"column":14},"end":{"line":23,"column":15}},"loc":{"start":{"line":23,"column":21},"end":{"line":25,"column":7}},"line":23},"4":{"name":"(anonymous_4)","decl":{"start":{"line":44,"column":23},"end":{"line":44,"column":24}},"loc":{"start":{"line":44,"column":29},"end":{"line":44,"column":53}},"line":44},"5":{"name":"(anonymous_5)","decl":{"start":{"line":51,"column":23},"end":{"line":51,"column":24}},"loc":{"start":{"line":51,"column":29},"end":{"line":51,"column":56}},"line":51}},"branchMap":{"0":{"loc":{"start":{"line":18,"column":4},"end":{"line":29,"column":5}},"type":"if","locations":[{"start":{"line":18,"column":4},"end":{"line":29,"column":5}},{"start":{"line":27,"column":10},"end":{"line":29,"column":5}}],"line":18},"1":{"loc":{"start":{"line":18,"column":7},"end":{"line":18,"column":38}},"type":"binary-expr","locations":[{"start":{"line":18,"column":7},"end":{"line":18,"column":19}},{"start":{"line":18,"column":23},"end":{"line":18,"column":38}}],"line":18}},"s":{"0":0,"1":0,"2":0,"3":0,"4":0,"5":0,"6":0,"7":0,"8":0,"9":0,"10":0,"11":0,"12":0},"f":{"0":0,"1":0,"2":0,"3":0,"4":0,"5":0},"b":{"0":[0,0],"1":[0,0]}}
,"/Users/marcossilva/Documents/dev/react-projects/personal/firebase/crud-react/src/pages/Register/index.js": {"path":"/Users/marcossilva/Documents/dev/react-projects/personal/firebase/crud-react/src/pages/Register/index.js","statementMap":{"0":{"start":{"line":11,"column":28},"end":{"line":11,"column":40}},"1":{"start":{"line":12,"column":34},"end":{"line":12,"column":46}},"2":{"start":{"line":14,"column":19},"end":{"line":14,"column":32}},"3":{"start":{"line":17,"column":4},"end":{"line":17,"column":23}},"4":{"start":{"line":19,"column":4},"end":{"line":31,"column":5}},"5":{"start":{"line":20,"column":6},"end":{"line":26,"column":8}},"6":{"start":{"line":22,"column":8},"end":{"line":22,"column":45}},"7":{"start":{"line":25,"column":8},"end":{"line":25,"column":84}},"8":{"start":{"line":30,"column":6},"end":{"line":30,"column":101}},"9":{"start":{"line":32,"column":4},"end":{"line":32,"column":10}},"10":{"start":{"line":36,"column":4},"end":{"line":60,"column":5}},"11":{"start":{"line":46,"column":29},"end":{"line":46,"column":53}},"12":{"start":{"line":53,"column":29},"end":{"line":53,"column":56}}},"fnMap":{"0":{"name":"Register","decl":{"start":{"line":9,"column":24},"end":{"line":9,"column":32}},"loc":{"start":{"line":9,"column":34},"end":{"line":61,"column":3}},"line":9},"1":{"name":"handleRegister","decl":{"start":{"line":16,"column":17},"end":{"line":16,"column":31}},"loc":{"start":{"line":16,"column":34},"end":{"line":33,"column":3}},"line":16},"2":{"name":"(anonymous_2)","decl":{"start":{"line":21,"column":12},"end":{"line":21,"column":13}},"loc":{"start":{"line":21,"column":18},"end":{"line":23,"column":7}},"line":21},"3":{"name":"(anonymous_3)","decl":{"start":{"line":24,"column":13},"end":{"line":24,"column":14}},"loc":{"start":{"line":24,"column":22},"end":{"line":26,"column":7}},"line":24},"4":{"name":"(anonymous_4)","decl":{"start":{"line":46,"column":23},"end":{"line":46,"column":24}},"loc":{"start":{"line":46,"column":29},"end":{"line":46,"column":53}},"line":46},"5":{"name":"(anonymous_5)","decl":{"start":{"line":53,"column":23},"end":{"line":53,"column":24}},"loc":{"start":{"line":53,"column":29},"end":{"line":53,"column":56}},"line":53}},"branchMap":{"0":{"loc":{"start":{"line":19,"column":4},"end":{"line":31,"column":5}},"type":"if","locations":[{"start":{"line":19,"column":4},"end":{"line":31,"column":5}},{"start":{"line":29,"column":10},"end":{"line":31,"column":5}}],"line":19},"1":{"loc":{"start":{"line":19,"column":7},"end":{"line":19,"column":38}},"type":"binary-expr","locations":[{"start":{"line":19,"column":7},"end":{"line":19,"column":19}},{"start":{"line":19,"column":23},"end":{"line":19,"column":38}}],"line":19}},"s":{"0":0,"1":0,"2":0,"3":0,"4":0,"5":0,"6":0,"7":0,"8":0,"9":0,"10":0,"11":0,"12":0},"f":{"0":0,"1":0,"2":0,"3":0,"4":0,"5":0},"b":{"0":[0,0],"1":[0,0]}}
,"/Users/marcossilva/Documents/dev/react-projects/personal/firebase/crud-react/src/routes/Private.js": {"path":"/Users/marcossilva/Documents/dev/react-projects/personal/firebase/crud-react/src/routes/Private.js","statementMap":{"0":{"start":{"line":7,"column":32},"end":{"line":7,"column":46}},"1":{"start":{"line":8,"column":30},"end":{"line":8,"column":45}},"2":{"start":{"line":10,"column":2},"end":{"line":33,"column":9}},"3":{"start":{"line":12,"column":20},"end":{"line":29,"column":8}},"4":{"start":{"line":13,"column":8},"end":{"line":28,"column":9}},"5":{"start":{"line":15,"column":27},"end":{"line":18,"column":11}},"6":{"start":{"line":20,"column":10},"end":{"line":20,"column":72}},"7":{"start":{"line":22,"column":10},"end":{"line":22,"column":28}},"8":{"start":{"line":23,"column":10},"end":{"line":23,"column":26}},"9":{"start":{"line":26,"column":10},"end":{"line":26,"column":28}},"10":{"start":{"line":27,"column":10},"end":{"line":27,"column":27}},"11":{"start":{"line":32,"column":4},"end":{"line":32,"column":17}},"12":{"start":{"line":35,"column":2},"end":{"line":73,"column":3}},"13":{"start":{"line":36,"column":4},"end":{"line":72,"column":6}},"14":{"start":{"line":75,"column":2},"end":{"line":77,"column":3}},"15":{"start":{"line":76,"column":4},"end":{"line":76,"column":33}},"16":{"start":{"line":79,"column":2},"end":{"line":79,"column":18}}},"fnMap":{"0":{"name":"Private","decl":{"start":{"line":6,"column":24},"end":{"line":6,"column":31}},"loc":{"start":{"line":6,"column":46},"end":{"line":80,"column":1}},"line":6},"1":{"name":"(anonymous_1)","decl":{"start":{"line":10,"column":12},"end":{"line":10,"column":13}},"loc":{"start":{"line":10,"column":18},"end":{"line":33,"column":3}},"line":10},"2":{"name":"checkLogin","decl":{"start":{"line":11,"column":19},"end":{"line":11,"column":29}},"loc":{"start":{"line":11,"column":32},"end":{"line":30,"column":5}},"line":11},"3":{"name":"(anonymous_3)","decl":{"start":{"line":12,"column":45},"end":{"line":12,"column":46}},"loc":{"start":{"line":12,"column":55},"end":{"line":29,"column":7}},"line":12}},"branchMap":{"0":{"loc":{"start":{"line":13,"column":8},"end":{"line":28,"column":9}},"type":"if","locations":[{"start":{"line":13,"column":8},"end":{"line":28,"column":9}},{"start":{"line":24,"column":15},"end":{"line":28,"column":9}}],"line":13},"1":{"loc":{"start":{"line":35,"column":2},"end":{"line":73,"column":3}},"type":"if","locations":[{"start":{"line":35,"column":2},"end":{"line":73,"column":3}},{"start":{},"end":{}}],"line":35},"2":{"loc":{"start":{"line":75,"column":2},"end":{"line":77,"column":3}},"type":"if","locations":[{"start":{"line":75,"column":2},"end":{"line":77,"column":3}},{"start":{},"end":{}}],"line":75}},"s":{"0":0,"1":0,"2":0,"3":0,"4":0,"5":0,"6":0,"7":0,"8":0,"9":0,"10":0,"11":0,"12":0,"13":0,"14":0,"15":0,"16":0},"f":{"0":0,"1":0,"2":0,"3":0},"b":{"0":[0,0],"1":[0,0],"2":[0,0]}}
,"/Users/marcossilva/Documents/dev/react-projects/personal/firebase/crud-react/src/routes/index.js": {"path":"/Users/marcossilva/Documents/dev/react-projects/personal/firebase/crud-react/src/routes/index.js","statementMap":{"0":{"start":{"line":8,"column":4},"end":{"line":14,"column":5}}},"fnMap":{"0":{"name":"RoutesApp","decl":{"start":{"line":7,"column":9},"end":{"line":7,"column":18}},"loc":{"start":{"line":7,"column":20},"end":{"line":15,"column":1}},"line":7}},"branchMap":{},"s":{"0":0},"f":{"0":0},"b":{}}
}
