TN:
SF:src/App.js
FN:4,App
FNF:1
FNH:0
FNDA:0,App
DA:5,0
LF:1
LH:0
BRF:0
BRH:0
end_of_record
TN:
SF:src/firebaseConnection.js
FNF:0
FNH:0
DA:5,0
DA:15,0
DA:16,0
DA:17,0
LF:4
LH:0
BRF:0
BRH:0
end_of_record
TN:
SF:src/index.js
FNF:0
FNH:0
DA:7,0
DA:8,0
LF:2
LH:0
BRF:0
BRH:0
end_of_record
TN:
SF:src/pages/Admin/index.js
FN:17,Admin
FN:23,(anonymous_1)
FN:24,loadTasks
FN:35,(anonymous_3)
FN:38,(anonymous_4)
FN:54,handleTask
FN:75,(anonymous_6)
FN:79,(anonymous_7)
FN:85,handleSignOut
FN:90,taskDone
FN:96,editTaskClicked
FN:102,handleUpdateTask
FN:107,(anonymous_12)
FN:112,(anonymous_13)
FN:128,(anonymous_14)
FN:138,(anonymous_15)
FN:145,(anonymous_16)
FN:150,(anonymous_17)
FNF:18
FNH:0
FNDA:0,Admin
FNDA:0,(anonymous_1)
FNDA:0,loadTasks
FNDA:0,(anonymous_3)
FNDA:0,(anonymous_4)
FNDA:0,handleTask
FNDA:0,(anonymous_6)
FNDA:0,(anonymous_7)
FNDA:0,handleSignOut
FNDA:0,taskDone
FNDA:0,editTaskClicked
FNDA:0,handleUpdateTask
FNDA:0,(anonymous_12)
FNDA:0,(anonymous_13)
FNDA:0,(anonymous_14)
FNDA:0,(anonymous_15)
FNDA:0,(anonymous_16)
FNDA:0,(anonymous_17)
DA:18,0
DA:19,0
DA:20,0
DA:21,0
DA:23,0
DA:25,0
DA:26,0
DA:29,0
DA:30,0
DA:32,0
DA:33,0
DA:35,0
DA:36,0
DA:38,0
DA:39,0
DA:45,0
DA:50,0
DA:55,0
DA:58,0
DA:59,0
DA:60,0
DA:64,0
DA:65,0
DA:66,0
DA:70,0
DA:76,0
DA:77,0
DA:80,0
DA:86,0
DA:91,0
DA:92,0
DA:97,0
DA:98,0
DA:103,0
DA:104,0
DA:108,0
DA:109,0
DA:110,0
DA:113,0
DA:114,0
DA:115,0
DA:119,0
DA:128,0
DA:139,0
DA:145,0
DA:150,0
LF:46
LH:0
BRDA:29,0,0,0
BRDA:29,0,1,0
BRDA:58,1,0,0
BRDA:58,1,1,0
BRDA:64,2,0,0
BRDA:64,2,1,0
BRDA:130,3,0,0
BRDA:130,3,1,0
BRF:8
BRH:0
end_of_record
TN:
SF:src/pages/Home/index.js
FN:8,Home
FN:15,handleLogin
FN:20,(anonymous_2)
FN:23,(anonymous_3)
FN:44,(anonymous_4)
FN:51,(anonymous_5)
FNF:6
FNH:0
FNDA:0,Home
FNDA:0,handleLogin
FNDA:0,(anonymous_2)
FNDA:0,(anonymous_3)
FNDA:0,(anonymous_4)
FNDA:0,(anonymous_5)
DA:10,0
DA:11,0
DA:13,0
DA:16,0
DA:18,0
DA:19,0
DA:21,0
DA:24,0
DA:28,0
DA:30,0
DA:34,0
DA:44,0
DA:51,0
LF:13
LH:0
BRDA:18,0,0,0
BRDA:18,0,1,0
BRDA:18,1,0,0
BRDA:18,1,1,0
BRF:4
BRH:0
end_of_record
TN:
SF:src/pages/Register/index.js
FN:9,Register
FN:16,handleRegister
FN:21,(anonymous_2)
FN:24,(anonymous_3)
FN:46,(anonymous_4)
FN:53,(anonymous_5)
FNF:6
FNH:0
FNDA:0,Register
FNDA:0,handleRegister
FNDA:0,(anonymous_2)
FNDA:0,(anonymous_3)
FNDA:0,(anonymous_4)
FNDA:0,(anonymous_5)
DA:11,0
DA:12,0
DA:14,0
DA:17,0
DA:19,0
DA:20,0
DA:22,0
DA:25,0
DA:30,0
DA:32,0
DA:36,0
DA:46,0
DA:53,0
LF:13
LH:0
BRDA:19,0,0,0
BRDA:19,0,1,0
BRDA:19,1,0,0
BRDA:19,1,1,0
BRF:4
BRH:0
end_of_record
TN:
SF:src/routes/Private.js
FN:6,Private
FN:10,(anonymous_1)
FN:11,checkLogin
FN:12,(anonymous_3)
FNF:4
FNH:0
FNDA:0,Private
FNDA:0,(anonymous_1)
FNDA:0,checkLogin
FNDA:0,(anonymous_3)
DA:7,0
DA:8,0
DA:10,0
DA:12,0
DA:13,0
DA:15,0
DA:20,0
DA:22,0
DA:23,0
DA:26,0
DA:27,0
DA:32,0
DA:35,0
DA:36,0
DA:75,0
DA:76,0
DA:79,0
LF:17
LH:0
BRDA:13,0,0,0
BRDA:13,0,1,0
BRDA:35,1,0,0
BRDA:35,1,1,0
BRDA:75,2,0,0
BRDA:75,2,1,0
BRF:6
BRH:0
end_of_record
TN:
SF:src/routes/index.js
FN:7,RoutesApp
FNF:1
FNH:0
FNDA:0,RoutesApp
DA:8,0
LF:1
LH:0
BRF:0
BRH:0
end_of_record
